0 info it worked if it ends with ok
1 verbose cli [ 'node', '/usr/local/bin/npm', 'install', 'mongoskin' ]
2 info using npm@2.10.1
3 info using node@v0.12.4
4 verbose install initial load of /Users/Andy/Documents/Projects/lsc/SMS/AnswerThis/package.json
5 verbose installManyTop reading scoped package data from /Users/Andy/Documents/Projects/lsc/SMS/AnswerThis/node_modules/bcrypt-nodejs/package.json
6 verbose installManyTop reading scoped package data from /Users/Andy/Documents/Projects/lsc/SMS/AnswerThis/node_modules/body-parser/package.json
7 verbose installManyTop reading scoped package data from /Users/Andy/Documents/Projects/lsc/SMS/AnswerThis/node_modules/busboy-body-parser/package.json
8 verbose installManyTop reading scoped package data from /Users/Andy/Documents/Projects/lsc/SMS/AnswerThis/node_modules/clockwork/package.json
9 verbose installManyTop reading scoped package data from /Users/Andy/Documents/Projects/lsc/SMS/AnswerThis/node_modules/connect-flash/package.json
10 verbose installManyTop reading scoped package data from /Users/Andy/Documents/Projects/lsc/SMS/AnswerThis/node_modules/cookie-parser/package.json
11 verbose installManyTop reading scoped package data from /Users/Andy/Documents/Projects/lsc/SMS/AnswerThis/node_modules/debug/package.json
12 verbose installManyTop reading scoped package data from /Users/Andy/Documents/Projects/lsc/SMS/AnswerThis/node_modules/express/package.json
13 verbose installManyTop reading scoped package data from /Users/Andy/Documents/Projects/lsc/SMS/AnswerThis/node_modules/express-session/package.json
14 verbose installManyTop reading scoped package data from /Users/Andy/Documents/Projects/lsc/SMS/AnswerThis/node_modules/jade/package.json
15 verbose installManyTop reading scoped package data from /Users/Andy/Documents/Projects/lsc/SMS/AnswerThis/node_modules/mongodb/package.json
16 verbose installManyTop reading scoped package data from /Users/Andy/Documents/Projects/lsc/SMS/AnswerThis/node_modules/mongoose/package.json
17 verbose installManyTop reading scoped package data from /Users/Andy/Documents/Projects/lsc/SMS/AnswerThis/node_modules/mongoskin/package.json
18 verbose installManyTop reading scoped package data from /Users/Andy/Documents/Projects/lsc/SMS/AnswerThis/node_modules/morgan/package.json
19 verbose installManyTop reading scoped package data from /Users/Andy/Documents/Projects/lsc/SMS/AnswerThis/node_modules/passport/package.json
20 verbose installManyTop reading scoped package data from /Users/Andy/Documents/Projects/lsc/SMS/AnswerThis/node_modules/passport-local/package.json
21 verbose installManyTop reading scoped package data from /Users/Andy/Documents/Projects/lsc/SMS/AnswerThis/node_modules/serve-favicon/package.json
22 verbose installManyTop reading scoped package data from /Users/Andy/Documents/Projects/lsc/SMS/AnswerThis/node_modules/static-favicon/package.json
23 info package.json mongodb@1.4.39 No license field.
24 info package.json passport-local@1.0.0 No license field.
25 info package.json clockwork@0.1.0 No license field.
26 info package.json connect-flash@0.1.1 No license field.
27 info package.json static-favicon@2.0.0-alpha No license field.
28 info package.json bcrypt-nodejs@0.0.3 No license field.
29 verbose readDependencies loading dependencies from /Users/Andy/Documents/Projects/lsc/SMS/AnswerThis/package.json
30 verbose install mongoskin is installed as 1.4.13
31 silly cache add args [ 'mongoskin', null ]
32 verbose cache add spec mongoskin
33 silly cache add parsed spec { raw: 'mongoskin',
33 silly cache add   scope: null,
33 silly cache add   name: 'mongoskin',
33 silly cache add   rawSpec: '',
33 silly cache add   spec: '*',
33 silly cache add   type: 'range' }
34 silly addNamed mongoskin@*
35 verbose addNamed "*" is a valid semver range for mongoskin
36 silly addNameRange { name: 'mongoskin', range: '*', hasData: false }
37 silly mapToRegistry name mongoskin
38 silly mapToRegistry using default registry
39 silly mapToRegistry registry https://registry.npmjs.org/
40 silly mapToRegistry uri https://registry.npmjs.org/mongoskin
41 verbose addNameRange registry:https://registry.npmjs.org/mongoskin not in flight; fetching
42 verbose request uri https://registry.npmjs.org/mongoskin
43 verbose request no auth needed
44 info attempt registry request try #1 at 5:38:38 PM
45 verbose request id 4bbfb3acbda4fc15
46 verbose etag "B4R4BJZQA2I1LSVBPARE3MTV0"
47 http request GET https://registry.npmjs.org/mongoskin
48 http 200 https://registry.npmjs.org/mongoskin
49 silly get cb [ 200,
49 silly get   { server: 'CouchDB/1.5.0 (Erlang OTP/R16B03)',
49 silly get     etag: '"C7O4F44ZV46R1QLNXMFN4DXUA"',
49 silly get     'content-type': 'application/json',
49 silly get     'cache-control': 'max-age=60',
49 silly get     'content-length': '83386',
49 silly get     'accept-ranges': 'bytes',
49 silly get     date: 'Sat, 24 Oct 2015 16:38:35 GMT',
49 silly get     via: '1.1 varnish',
49 silly get     age: '0',
49 silly get     connection: 'keep-alive',
49 silly get     'x-served-by': 'cache-lhr6331-LHR',
49 silly get     'x-cache': 'MISS',
49 silly get     'x-cache-hits': '0',
49 silly get     'x-timer': 'S1445704715.084214,VS0,VE654',
49 silly get     vary: 'Accept' } ]
50 verbose get saving mongoskin to /Users/Andy/.npm/registry.npmjs.org/mongoskin/.cache.json
51 silly addNameRange number 2 { name: 'mongoskin', range: '*', hasData: true }
52 silly addNameRange versions [ 'mongoskin',
52 silly addNameRange   [ '0.1.0',
52 silly addNameRange     '0.1.1',
52 silly addNameRange     '0.1.2',
52 silly addNameRange     '0.1.3',
52 silly addNameRange     '0.2.0',
52 silly addNameRange     '0.2.1',
52 silly addNameRange     '0.2.2',
52 silly addNameRange     '0.2.3',
52 silly addNameRange     '0.3.0',
52 silly addNameRange     '0.3.3',
52 silly addNameRange     '0.3.4',
52 silly addNameRange     '0.3.5',
52 silly addNameRange     '0.3.6',
52 silly addNameRange     '0.3.7',
52 silly addNameRange     '0.4.0',
52 silly addNameRange     '0.4.1',
52 silly addNameRange     '0.4.2',
52 silly addNameRange     '0.4.3',
52 silly addNameRange     '0.4.4',
52 silly addNameRange     '0.5.0',
52 silly addNameRange     '0.6.0',
52 silly addNameRange     '0.6.1',
52 silly addNameRange     '1.3.20-alpha',
52 silly addNameRange     '1.3.20',
52 silly addNameRange     '1.3.21',
52 silly addNameRange     '1.3.22',
52 silly addNameRange     '1.3.23',
52 silly addNameRange     '1.4.0',
52 silly addNameRange     '1.4.1',
52 silly addNameRange     '1.4.2',
52 silly addNameRange     '1.4.3',
52 silly addNameRange     '1.4.4',
52 silly addNameRange     '1.4.10-beta',
52 silly addNameRange     '1.4.10',
52 silly addNameRange     '1.4.11',
52 silly addNameRange     '1.4.12',
52 silly addNameRange     '1.4.13',
52 silly addNameRange     '2.0.0',
52 silly addNameRange     '2.0.1',
52 silly addNameRange     '2.0.2',
52 silly addNameRange     '2.0.3' ] ]
53 silly addNamed mongoskin@2.0.3
54 verbose addNamed "2.0.3" is a plain semver version for mongoskin
55 silly mapToRegistry name mongoskin
56 silly mapToRegistry using default registry
57 silly mapToRegistry registry https://registry.npmjs.org/
58 silly mapToRegistry uri https://registry.npmjs.org/mongoskin
59 verbose addRemoteTarball https://registry.npmjs.org/mongoskin/-/mongoskin-2.0.3.tgz not in flight; adding
60 verbose addRemoteTarball [ 'https://registry.npmjs.org/mongoskin/-/mongoskin-2.0.3.tgz',
60 verbose addRemoteTarball   'fa6d5429b22175c9d481b90c2aabcfdf067a466d' ]
61 info retry fetch attempt 1 at 5:38:39 PM
62 info attempt registry request try #1 at 5:38:39 PM
63 http fetch GET https://registry.npmjs.org/mongoskin/-/mongoskin-2.0.3.tgz
64 http fetch 200 https://registry.npmjs.org/mongoskin/-/mongoskin-2.0.3.tgz
65 silly fetchAndShaCheck shasum fa6d5429b22175c9d481b90c2aabcfdf067a466d
66 verbose addTmpTarball /var/folders/94/b4306bnd7zs_5l76_5q6k8pm0000gn/T/npm-4870-912ea7ca/registry.npmjs.org/mongoskin/-/mongoskin-2.0.3.tgz not in flight; adding
67 verbose addTmpTarball already have metadata; skipping unpack for mongoskin@2.0.3
68 silly cache afterAdd mongoskin@2.0.3
69 verbose afterAdd /Users/Andy/.npm/mongoskin/2.0.3/package/package.json not in flight; writing
70 verbose afterAdd /Users/Andy/.npm/mongoskin/2.0.3/package/package.json written
71 silly install resolved [ { name: 'mongoskin',
71 silly install resolved     description: 'The future layer above node-mongodb-native',
71 silly install resolved     version: '2.0.3',
71 silly install resolved     author: { name: 'Gui Lin', email: 'guileen@gmail.com' },
71 silly install resolved     homepage: 'https://github.com/kissjs/node-mongoskin',
71 silly install resolved     repository:
71 silly install resolved      { type: 'git',
71 silly install resolved        url: 'git://github.com/kissjs/node-mongoskin.git' },
71 silly install resolved     bugs: { url: 'https://github.com/kissjs/node-mongoskin/issues' },
71 silly install resolved     main: './index.js',
71 silly install resolved     keywords: [ 'mongodb', 'database', 'nosql' ],
71 silly install resolved     engines: { node: '>= 0.4.0' },
71 silly install resolved     peerDependencies: { mongodb: '~2.0' },
71 silly install resolved     devDependencies:
71 silly install resolved      { istanbul: '0.3.17',
71 silly install resolved        mocha: '~1.17.1',
71 silly install resolved        coveralls: '~2.10.0',
71 silly install resolved        'mocha-lcov-reporter': '0.0.1',
71 silly install resolved        'travis-cov': '~0.2.5',
71 silly install resolved        mongodb: '~2.0',
71 silly install resolved        should: '~3.1.2' },
71 silly install resolved     scripts: { test: 'mocha', coverage: 'istanbul cover _mocha' },
71 silly install resolved     directories: { example: './examples', lib: './lib/mongoskin' },
71 silly install resolved     license: 'MIT',
71 silly install resolved     contributors:
71 silly install resolved      [ [Object],
71 silly install resolved        [Object],
71 silly install resolved        [Object],
71 silly install resolved        [Object],
71 silly install resolved        [Object],
71 silly install resolved        [Object],
71 silly install resolved        [Object],
71 silly install resolved        [Object],
71 silly install resolved        [Object],
71 silly install resolved        [Object],
71 silly install resolved        [Object],
71 silly install resolved        [Object] ],
71 silly install resolved     gitHead: '108628ce641b094e5a9c439c15af761857277bd4',
71 silly install resolved     _id: 'mongoskin@2.0.3',
71 silly install resolved     _shasum: 'fa6d5429b22175c9d481b90c2aabcfdf067a466d',
71 silly install resolved     _from: 'mongoskin@*',
71 silly install resolved     _npmVersion: '2.9.1',
71 silly install resolved     _nodeVersion: '0.12.3',
71 silly install resolved     _npmUser: { name: 'vkarpov15', email: 'val@karpov.io' },
71 silly install resolved     dist:
71 silly install resolved      { shasum: 'fa6d5429b22175c9d481b90c2aabcfdf067a466d',
71 silly install resolved        tarball: 'http://registry.npmjs.org/mongoskin/-/mongoskin-2.0.3.tgz' },
71 silly install resolved     maintainers: [ [Object], [Object], [Object] ],
71 silly install resolved     _resolved: 'https://registry.npmjs.org/mongoskin/-/mongoskin-2.0.3.tgz' } ]
72 info install mongoskin@2.0.3 into /Users/Andy/Documents/Projects/lsc/SMS/AnswerThis
73 info installOne mongoskin@2.0.3
74 verbose installOne of mongoskin to /Users/Andy/Documents/Projects/lsc/SMS/AnswerThis not in flight; installing
75 verbose lock using /Users/Andy/.npm/_locks/mongoskin-c71bd22be8631270.lock for /Users/Andy/Documents/Projects/lsc/SMS/AnswerThis/node_modules/mongoskin
76 silly install write writing mongoskin 2.0.3 to /Users/Andy/Documents/Projects/lsc/SMS/AnswerThis/node_modules/mongoskin
77 verbose unbuild node_modules/mongoskin
78 info preuninstall mongoskin@1.4.13
79 info uninstall mongoskin@1.4.13
80 verbose unbuild rmStuff mongoskin@1.4.13 from /Users/Andy/Documents/Projects/lsc/SMS/AnswerThis/node_modules
81 info postuninstall mongoskin@1.4.13
82 silly gentlyRm /Users/Andy/Documents/Projects/lsc/SMS/AnswerThis/node_modules/mongoskin is being purged from base /Users/Andy/Documents/Projects/lsc/SMS/AnswerThis
83 verbose gentlyRm don't care about contents; nuking /Users/Andy/Documents/Projects/lsc/SMS/AnswerThis/node_modules/mongoskin
84 silly vacuum-fs purging /Users/Andy/Documents/Projects/lsc/SMS/AnswerThis/node_modules/mongoskin
85 silly vacuum-fs quitting because other entries in /Users/Andy/Documents/Projects/lsc/SMS/AnswerThis/node_modules
86 verbose tar unpack /Users/Andy/.npm/mongoskin/2.0.3/package.tgz
87 verbose tar unpacking to /Users/Andy/Documents/Projects/lsc/SMS/AnswerThis/node_modules/mongoskin
88 silly gentlyRm /Users/Andy/Documents/Projects/lsc/SMS/AnswerThis/node_modules/mongoskin is being purged
89 verbose gentlyRm don't care about contents; nuking /Users/Andy/Documents/Projects/lsc/SMS/AnswerThis/node_modules/mongoskin
90 silly gunzTarPerm modes [ '755', '644' ]
91 silly gunzTarPerm extractEntry package.json
92 silly gunzTarPerm modified mode [ 'package.json', 436, 420 ]
93 silly gunzTarPerm extractEntry .npmignore
94 silly gunzTarPerm modified mode [ '.npmignore', 436, 420 ]
95 silly gunzTarPerm extractEntry LICENSE
96 silly gunzTarPerm modified mode [ 'LICENSE', 436, 420 ]
97 silly gunzTarPerm extractEntry index.js
98 silly gunzTarPerm modified mode [ 'index.js', 436, 420 ]
99 silly gunzTarPerm extractEntry Readme.md
100 silly gunzTarPerm modified mode [ 'Readme.md', 436, 420 ]
101 silly gunzTarPerm extractEntry History.md
102 silly gunzTarPerm modified mode [ 'History.md', 436, 420 ]
103 silly gunzTarPerm extractEntry Makefile
104 silly gunzTarPerm modified mode [ 'Makefile', 436, 420 ]
105 silly gunzTarPerm extractEntry .jshintrc
106 silly gunzTarPerm modified mode [ '.jshintrc', 436, 420 ]
107 silly gunzTarPerm extractEntry coverage/coverage.json
108 silly gunzTarPerm modified mode [ 'coverage/coverage.json', 436, 420 ]
109 silly gunzTarPerm extractEntry coverage/lcov-report/prettify.js
110 silly gunzTarPerm modified mode [ 'coverage/lcov-report/prettify.js', 436, 420 ]
111 silly gunzTarPerm extractEntry coverage/lcov-report/sorter.js
112 silly gunzTarPerm modified mode [ 'coverage/lcov-report/sorter.js', 436, 420 ]
113 silly gunzTarPerm extractEntry coverage/lcov-report/base.css
114 silly gunzTarPerm modified mode [ 'coverage/lcov-report/base.css', 436, 420 ]
115 silly gunzTarPerm extractEntry coverage/lcov-report/index.html
116 silly gunzTarPerm modified mode [ 'coverage/lcov-report/index.html', 436, 420 ]
117 silly gunzTarPerm extractEntry coverage/lcov-report/node-mongoskin/index.html
118 silly gunzTarPerm modified mode [ 'coverage/lcov-report/node-mongoskin/index.html', 436, 420 ]
119 silly gunzTarPerm extractEntry coverage/lcov-report/node-mongoskin/index.js.html
120 silly gunzTarPerm modified mode [ 'coverage/lcov-report/node-mongoskin/index.js.html', 436, 420 ]
121 silly gunzTarPerm extractEntry coverage/lcov-report/node-mongoskin/lib/grid_store.js.html
122 silly gunzTarPerm modified mode [ 'coverage/lcov-report/node-mongoskin/lib/grid_store.js.html',
122 silly gunzTarPerm   436,
122 silly gunzTarPerm   420 ]
123 silly gunzTarPerm extractEntry coverage/lcov-report/node-mongoskin/lib/admin.js.html
124 silly gunzTarPerm modified mode [ 'coverage/lcov-report/node-mongoskin/lib/admin.js.html',
124 silly gunzTarPerm   436,
124 silly gunzTarPerm   420 ]
125 silly gunzTarPerm extractEntry coverage/lcov-report/node-mongoskin/lib/constant.js.html
126 silly gunzTarPerm modified mode [ 'coverage/lcov-report/node-mongoskin/lib/constant.js.html',
126 silly gunzTarPerm   436,
126 silly gunzTarPerm   420 ]
127 silly gunzTarPerm extractEntry coverage/lcov-report/node-mongoskin/lib/cursor.js.html
128 silly gunzTarPerm modified mode [ 'coverage/lcov-report/node-mongoskin/lib/cursor.js.html',
128 silly gunzTarPerm   436,
128 silly gunzTarPerm   420 ]
129 silly gunzTarPerm extractEntry coverage/lcov-report/node-mongoskin/lib/db.js.html
130 silly gunzTarPerm modified mode [ 'coverage/lcov-report/node-mongoskin/lib/db.js.html',
130 silly gunzTarPerm   436,
130 silly gunzTarPerm   420 ]
131 silly gunzTarPerm extractEntry coverage/lcov-report/node-mongoskin/lib/collection.js.html
132 silly gunzTarPerm modified mode [ 'coverage/lcov-report/node-mongoskin/lib/collection.js.html',
132 silly gunzTarPerm   436,
132 silly gunzTarPerm   420 ]
133 silly gunzTarPerm extractEntry coverage/lcov-report/node-mongoskin/lib/helper.js.html
134 silly gunzTarPerm modified mode [ 'coverage/lcov-report/node-mongoskin/lib/helper.js.html',
134 silly gunzTarPerm   436,
134 silly gunzTarPerm   420 ]
135 silly gunzTarPerm extractEntry coverage/lcov-report/node-mongoskin/lib/index.html
136 silly gunzTarPerm modified mode [ 'coverage/lcov-report/node-mongoskin/lib/index.html',
136 silly gunzTarPerm   436,
136 silly gunzTarPerm   420 ]
137 silly gunzTarPerm extractEntry coverage/lcov-report/node-mongoskin/lib/index.js.html
138 silly gunzTarPerm modified mode [ 'coverage/lcov-report/node-mongoskin/lib/index.js.html',
138 silly gunzTarPerm   436,
138 silly gunzTarPerm   420 ]
139 silly gunzTarPerm extractEntry coverage/lcov-report/node-mongoskin/lib/mongo_client.js.html
140 silly gunzTarPerm modified mode [ 'coverage/lcov-report/node-mongoskin/lib/mongo_client.js.html',
140 silly gunzTarPerm   436,
140 silly gunzTarPerm   420 ]
141 silly gunzTarPerm extractEntry coverage/lcov-report/node-mongoskin/lib/utils.js.html
142 silly gunzTarPerm modified mode [ 'coverage/lcov-report/node-mongoskin/lib/utils.js.html',
142 silly gunzTarPerm   436,
142 silly gunzTarPerm   420 ]
143 silly gunzTarPerm extractEntry coverage/lcov-report/prettify.css
144 silly gunzTarPerm modified mode [ 'coverage/lcov-report/prettify.css', 436, 420 ]
145 silly gunzTarPerm extractEntry coverage/lcov-report/sort-arrow-sprite.png
146 silly gunzTarPerm modified mode [ 'coverage/lcov-report/sort-arrow-sprite.png', 436, 420 ]
147 silly gunzTarPerm extractEntry coverage/lcov.info
148 silly gunzTarPerm modified mode [ 'coverage/lcov.info', 436, 420 ]
149 silly gunzTarPerm extractEntry examples/admin.js
150 silly gunzTarPerm modified mode [ 'examples/admin.js', 436, 420 ]
151 silly gunzTarPerm extractEntry examples/close.js
152 silly gunzTarPerm modified mode [ 'examples/close.js', 436, 420 ]
153 silly gunzTarPerm extractEntry examples/config.js
154 silly gunzTarPerm modified mode [ 'examples/config.js', 436, 420 ]
155 silly gunzTarPerm extractEntry examples/generateId.js
156 silly gunzTarPerm modified mode [ 'examples/generateId.js', 436, 420 ]
157 silly gunzTarPerm extractEntry examples/gridfs.js
158 silly gunzTarPerm modified mode [ 'examples/gridfs.js', 436, 420 ]
159 silly gunzTarPerm extractEntry examples/insert.js
160 silly gunzTarPerm modified mode [ 'examples/insert.js', 436, 420 ]
161 silly gunzTarPerm extractEntry examples/replSetBenchmark.js
162 silly gunzTarPerm modified mode [ 'examples/replSetBenchmark.js', 436, 420 ]
163 silly gunzTarPerm extractEntry examples/replset.js
164 silly gunzTarPerm modified mode [ 'examples/replset.js', 436, 420 ]
165 silly gunzTarPerm extractEntry examples/update.js
166 silly gunzTarPerm modified mode [ 'examples/update.js', 436, 420 ]
167 silly gunzTarPerm extractEntry .travis.yml
168 silly gunzTarPerm modified mode [ '.travis.yml', 436, 420 ]
169 silly gunzTarPerm extractEntry lib/admin.js
170 silly gunzTarPerm modified mode [ 'lib/admin.js', 436, 420 ]
171 silly gunzTarPerm extractEntry lib/collection.js
172 silly gunzTarPerm modified mode [ 'lib/collection.js', 436, 420 ]
173 silly gunzTarPerm extractEntry lib/constant.js
174 silly gunzTarPerm modified mode [ 'lib/constant.js', 436, 420 ]
175 silly gunzTarPerm extractEntry lib/cursor.js
176 silly gunzTarPerm modified mode [ 'lib/cursor.js', 436, 420 ]
177 silly gunzTarPerm extractEntry lib/db.js
178 silly gunzTarPerm modified mode [ 'lib/db.js', 436, 420 ]
179 silly gunzTarPerm extractEntry lib/grid_store.js
180 silly gunzTarPerm modified mode [ 'lib/grid_store.js', 436, 420 ]
181 silly gunzTarPerm extractEntry lib/helper.js
182 silly gunzTarPerm modified mode [ 'lib/helper.js', 436, 420 ]
183 silly gunzTarPerm extractEntry lib/index.js
184 silly gunzTarPerm modified mode [ 'lib/index.js', 436, 420 ]
185 silly gunzTarPerm extractEntry lib/mongo_client.js
186 silly gunzTarPerm modified mode [ 'lib/mongo_client.js', 436, 420 ]
187 silly gunzTarPerm extractEntry lib/utils.js
188 silly gunzTarPerm modified mode [ 'lib/utils.js', 436, 420 ]
189 silly gunzTarPerm extractEntry AUTHORS
190 silly gunzTarPerm modified mode [ 'AUTHORS', 436, 420 ]
191 verbose write writing to /Users/Andy/Documents/Projects/lsc/SMS/AnswerThis/node_modules/mongoskin/package.json
192 info preinstall mongoskin@2.0.3
193 verbose readDependencies loading dependencies from /Users/Andy/Documents/Projects/lsc/SMS/AnswerThis/node_modules/mongoskin/package.json
194 silly prepareForInstallMany adding mongodb@~2.0 from mongoskin peerDependencies
195 warn peerDependencies The peer dependency mongodb@~2.0 included from mongoskin will no
196 warn peerDependencies longer be automatically installed to fulfill the peerDependency
197 warn peerDependencies in npm 3+. Your application will need to depend on it explicitly.
198 verbose readDependencies loading dependencies from /Users/Andy/Documents/Projects/lsc/SMS/AnswerThis/node_modules/mongoskin/package.json
199 silly install resolved []
200 verbose about to build /Users/Andy/Documents/Projects/lsc/SMS/AnswerThis/node_modules/mongoskin
201 info build /Users/Andy/Documents/Projects/lsc/SMS/AnswerThis/node_modules/mongoskin
202 info linkStuff mongoskin@2.0.3
203 silly linkStuff mongoskin@2.0.3 has /Users/Andy/Documents/Projects/lsc/SMS/AnswerThis/node_modules as its parent node_modules
204 verbose linkBins mongoskin@2.0.3
205 verbose linkMans mongoskin@2.0.3
206 verbose rebuildBundles mongoskin@2.0.3
207 info install mongoskin@2.0.3
208 info postinstall mongoskin@2.0.3
209 verbose readDependencies loading dependencies from /Users/Andy/Documents/Projects/lsc/SMS/AnswerThis/package.json
210 verbose targetResolver reading package data from /Users/Andy/Documents/Projects/lsc/SMS/AnswerThis/node_modules/bcrypt-nodejs/package.json
211 verbose targetResolver reading package data from /Users/Andy/Documents/Projects/lsc/SMS/AnswerThis/node_modules/body-parser/package.json
212 verbose targetResolver reading package data from /Users/Andy/Documents/Projects/lsc/SMS/AnswerThis/node_modules/busboy-body-parser/package.json
213 verbose targetResolver reading package data from /Users/Andy/Documents/Projects/lsc/SMS/AnswerThis/node_modules/clockwork/package.json
214 verbose targetResolver reading package data from /Users/Andy/Documents/Projects/lsc/SMS/AnswerThis/node_modules/connect-flash/package.json
215 verbose targetResolver reading package data from /Users/Andy/Documents/Projects/lsc/SMS/AnswerThis/node_modules/cookie-parser/package.json
216 verbose targetResolver reading package data from /Users/Andy/Documents/Projects/lsc/SMS/AnswerThis/node_modules/debug/package.json
217 verbose targetResolver reading package data from /Users/Andy/Documents/Projects/lsc/SMS/AnswerThis/node_modules/express/package.json
218 verbose targetResolver reading package data from /Users/Andy/Documents/Projects/lsc/SMS/AnswerThis/node_modules/express-session/package.json
219 verbose targetResolver reading package data from /Users/Andy/Documents/Projects/lsc/SMS/AnswerThis/node_modules/jade/package.json
220 verbose targetResolver reading package data from /Users/Andy/Documents/Projects/lsc/SMS/AnswerThis/node_modules/mongodb/package.json
221 verbose targetResolver reading package data from /Users/Andy/Documents/Projects/lsc/SMS/AnswerThis/node_modules/mongoose/package.json
222 verbose targetResolver reading package data from /Users/Andy/Documents/Projects/lsc/SMS/AnswerThis/node_modules/mongoskin/package.json
223 verbose targetResolver reading package data from /Users/Andy/Documents/Projects/lsc/SMS/AnswerThis/node_modules/morgan/package.json
224 verbose targetResolver reading package data from /Users/Andy/Documents/Projects/lsc/SMS/AnswerThis/node_modules/passport/package.json
225 verbose targetResolver reading package data from /Users/Andy/Documents/Projects/lsc/SMS/AnswerThis/node_modules/passport-local/package.json
226 verbose targetResolver reading package data from /Users/Andy/Documents/Projects/lsc/SMS/AnswerThis/node_modules/serve-favicon/package.json
227 verbose targetResolver reading package data from /Users/Andy/Documents/Projects/lsc/SMS/AnswerThis/node_modules/static-favicon/package.json
228 verbose targetResolver reading package data from /Users/Andy/Documents/Projects/lsc/SMS/AnswerThis/node_modules/.bin/jade/package.json
229 verbose already installed skipping mongodb@~2.0 /Users/Andy/Documents/Projects/lsc/SMS/AnswerThis
230 silly install resolved []
231 verbose unlock done using /Users/Andy/.npm/_locks/mongoskin-c71bd22be8631270.lock for /Users/Andy/Documents/Projects/lsc/SMS/AnswerThis/node_modules/mongoskin
232 verbose validateInstall loading /Users/Andy/Documents/Projects/lsc/SMS/AnswerThis/package.json for validation
233 verbose stack Error: The package mongodb does not satisfy its siblings' peerDependencies requirements!
233 verbose stack     at /usr/local/lib/node_modules/npm/lib/install.js:125:32
233 verbose stack     at /usr/local/lib/node_modules/npm/lib/install.js:267:7
233 verbose stack     at /usr/local/lib/node_modules/npm/node_modules/read-installed/read-installed.js:138:5
233 verbose stack     at /usr/local/lib/node_modules/npm/node_modules/read-installed/read-installed.js:251:14
233 verbose stack     at cb (/usr/local/lib/node_modules/npm/node_modules/slide/lib/async-map.js:47:24)
233 verbose stack     at /usr/local/lib/node_modules/npm/node_modules/read-installed/read-installed.js:251:14
233 verbose stack     at cb (/usr/local/lib/node_modules/npm/node_modules/slide/lib/async-map.js:47:24)
233 verbose stack     at /usr/local/lib/node_modules/npm/node_modules/read-installed/read-installed.js:251:14
233 verbose stack     at cb (/usr/local/lib/node_modules/npm/node_modules/slide/lib/async-map.js:47:24)
233 verbose stack     at /usr/local/lib/node_modules/npm/node_modules/read-installed/read-installed.js:251:14
234 verbose cwd /Users/Andy/Documents/Projects/lsc/SMS/AnswerThis
235 error Darwin 14.1.1
236 error argv "node" "/usr/local/bin/npm" "install" "mongoskin"
237 error node v0.12.4
238 error npm  v2.10.1
239 error code EPEERINVALID
240 error peerinvalid The package mongodb does not satisfy its siblings' peerDependencies requirements!
240 error peerinvalid Peer mongoskin@2.0.3 wants mongodb@~2.0
241 verbose exit [ 1, true ]
